<?xml version="1.0" encoding="UTF-8"?>
<!-- Generated by org.testng.reporters.JUnitXMLReporter -->
<testsuite ignored="0" hostname="DESKTOP-1JD54T5" failures="0" tests="3" name="Test" time="2.151" errors="0" timestamp="2021-05-03T17:16:38 IST">
  <testcase classname="com.qa.testcases.TestBase" name="@BeforeClass SetUp" time="-1.620042396624E9">
    <failure type="org.testng.TestNGException" message="
Parameter &amp;apos;Browser&amp;apos; is required by BeforeClass on method SetUp but has not been marked @Optional or defined
in F:\Virtusa_workspace_oxygen\IAT\src\test\java\com\qa\utility\testng.xml">
      <![CDATA[org.testng.TestNGException: 
Parameter 'Browser' is required by BeforeClass on method SetUp but has not been marked @Optional or defined
in F:\Virtusa_workspace_oxygen\IAT\src\test\java\com\qa\utility\testng.xml
at java.base/java.util.ArrayList.forEach(ArrayList.java:1511)
... Removed 22 stack frames]]>
    </failure>
  </testcase> <!-- @BeforeClass SetUp -->
  <testcase classname="com.qa.testcases.TestBase" name="@AfterClass terminate" time="-1.620042398373E9">
    <skipped/>
  </testcase> <!-- @AfterClass terminate -->
  <testcase classname="com.qa.testcases.Tc_Imdb" name="imdb" time="0.0">
    <skipped/>
  </testcase> <!-- imdb -->
  <testcase classname="com.qa.testcases.Tc_Imdb" name="imdb" time="0.0">
    <skipped/>
  </testcase> <!-- imdb -->
  <testcase classname="com.qa.testcases.Tc_Imdb" name="imdb" time="0.0">
    <skipped/>
  </testcase> <!-- imdb -->
</testsuite> <!-- Test -->
