<?xml version="1.0" encoding="UTF-8"?>
<!-- Generated by org.testng.reporters.JUnitReportReporter -->
<testsuite hostname="DESKTOP-1JD54T5" failures="0" tests="3" name="com.qa.testcases.amazonCategoryDropDownList" time="17.840" errors="2" timestamp="2021-04-30T12:23:01 IST" skipped="0">
  <testcase classname="com.qa.testcases.amazonCategoryDropDownList" name="Iteams" time="0.769">
    <error message="Cannot locate element with text:  Books 
For documentation on this error, please visit: https://www.seleniumhq.org/exceptions/no_such_element.html
Build info: version: &#039;3.141.59&#039;, revision: &#039;e82be7d358&#039;, time: &#039;2018-11-14T08:25:48&#039;
System info: host: &#039;DESKTOP-1JD54T5&#039;, ip: &#039;192.168.1.104&#039;, os.name: &#039;Windows 10&#039;, os.arch: &#039;amd64&#039;, os.version: &#039;10.0&#039;, java.version: &#039;15.0.2&#039;
Driver info: driver.version: unknown" type="org.openqa.selenium.NoSuchElementException">
      <![CDATA[org.openqa.selenium.NoSuchElementException: Cannot locate element with text:  Books 
For documentation on this error, please visit: https://www.seleniumhq.org/exceptions/no_such_element.html
Build info: version: '3.141.59', revision: 'e82be7d358', time: '2018-11-14T08:25:48'
System info: host: 'DESKTOP-1JD54T5', ip: '192.168.1.104', os.name: 'Windows 10', os.arch: 'amd64', os.version: '10.0', java.version: '15.0.2'
Driver info: driver.version: unknown
at org.openqa.selenium.support.ui.Select.selectByVisibleText(Select.java:147)
at com.qa.testcases.amazonCategoryDropDownList.Iteams(amazonCategoryDropDownList.java:32)
at java.base/jdk.internal.reflect.NativeMethodAccessorImpl.invoke0(Native Method)
at java.base/jdk.internal.reflect.NativeMethodAccessorImpl.invoke(NativeMethodAccessorImpl.java:64)
at java.base/jdk.internal.reflect.DelegatingMethodAccessorImpl.invoke(DelegatingMethodAccessorImpl.java:43)
at java.base/java.lang.reflect.Method.invoke(Method.java:564)
at org.testng.internal.MethodInvocationHelper.invokeMethod(MethodInvocationHelper.java:132)
at org.testng.internal.TestInvoker.invokeMethod(TestInvoker.java:599)
at org.testng.internal.TestInvoker.invokeTestMethod(TestInvoker.java:174)
at org.testng.internal.MethodRunner.runInSequence(MethodRunner.java:46)
at org.testng.internal.TestInvoker$MethodInvocationAgent.invoke(TestInvoker.java:822)
at org.testng.internal.TestInvoker.invokeTestMethods(TestInvoker.java:147)
at org.testng.internal.TestMethodWorker.invokeTestMethods(TestMethodWorker.java:146)
at org.testng.internal.TestMethodWorker.run(TestMethodWorker.java:128)
at java.base/java.util.ArrayList.forEach(ArrayList.java:1511)
at org.testng.TestRunner.privateRun(TestRunner.java:764)
at org.testng.TestRunner.run(TestRunner.java:585)
at org.testng.SuiteRunner.runTest(SuiteRunner.java:384)
at org.testng.SuiteRunner.runSequentially(SuiteRunner.java:378)
at org.testng.SuiteRunner.privateRun(SuiteRunner.java:337)
at org.testng.SuiteRunner.run(SuiteRunner.java:286)
at org.testng.SuiteRunnerWorker.runSuite(SuiteRunnerWorker.java:53)
at org.testng.SuiteRunnerWorker.run(SuiteRunnerWorker.java:96)
at org.testng.TestNG.runSuitesSequentially(TestNG.java:1218)
at org.testng.TestNG.runSuitesLocally(TestNG.java:1140)
at org.testng.TestNG.runSuites(TestNG.java:1069)
at org.testng.TestNG.run(TestNG.java:1037)
at org.testng.remote.AbstractRemoteTestNG.run(AbstractRemoteTestNG.java:115)
at org.testng.remote.RemoteTestNG.initAndRun(RemoteTestNG.java:251)
at org.testng.remote.RemoteTestNG.main(RemoteTestNG.java:77)
]]>
    </error>
  </testcase> <!-- Iteams -->
  <system-out/>
  <testcase classname="com.qa.testcases.amazonCategoryDropDownList" name="Iteams" time="16.982"/>
  <system-out>
price ofNew Apple iPhone 12 Mini (128GB) - Whiteis Rs.69,900 price ofSamsung Galaxy M12 (Blue,6GB RAM, 128GB Storage) 6000 mAh with 8nm Processor | True 48 MP Quad Camera | 90Hz Refresh Rateis Rs.13,499 price ofOPPO A74 5G (Fantastic Purple, 6GB RAM, 128GB Storage)is Rs.17,990 price ofRedmi 9A (Nature Green, 2GB Ram, 32GB Storage) | 2GHz Octa-core Helio G25 Processoris Rs.6,799 price ofRedmi 9 (Sky Blue, 4GB RAM, 64GB Storage)is Rs.8,799 price ofSamsung Galaxy M12 (Blue,6GB RAM, 128GB Storage) 6000 mAh with 8nm Processor | True 48 MP Quad Camera | 90Hz Refresh Rateis Rs.13,499 price ofOppo A31 (Fantasy White, 6GB RAM, 128GB Storage) with No Cost EMI/Additional Exchange Offersis Rs.11,990 price ofSamsung Guru Music 2 (Gold)is Rs.1,709 price ofSamsung Galaxy M21 (Midnight Blue, 4GB RAM, 64GB Storage)is Rs.12,499 price ofVivo Y91i (Ocean Blue, 3GB RAM, 32GB Storage) with No Cost EMI/Additional Exchange Offersis Rs.8,490 price ofRedmi 9 Prime (Sunrise Flare, 4GB RAM, 64GB Storage)- Full HD+ Display & AI Quad Camerais Rs.9,999 price ofOnePlus Nord 5G (Blue Marble, 12GB RAM, 256GB Storage)is Rs.29,999 price ofOPPO F19 (Prism Black, 6GB RAM, 128GB Storage) with No Cost EMI/Additional Exchange Offersis Rs.18,990 price ofI KALL K320 Smartphone Dual Sim 4G+4G (6.53 HD+, 4GB, 64GB) (Blue)is Rs.6,499 price ofMini Phone, Dual Card Double Standby Dual Card Slot Sim Card Ultra‑Thin Cell Phone for Students for Kids for School(Black)is Rs.12,529 price ofPanasonic Eluga i7 (2GB RAM, 16GB Storage, Finger Print Sensor, 4000mAh Battery) (Black)is Rs.5,000 price ofOppo A31 (Mystery Black, 6GB RAM, 128GB Storage) with No Cost EMI/Additional Exchange Offersis Rs.11,990 price ofSamsung Galaxy M02s (Blue,4GB RAM, 64GB Storage) | 5000 mAh | Triple Camerais Rs.9,999 price ofSamsung Galaxy M31 (Ocean Blue, 6GB RAM, 128GB Storage)is Rs.16,499 price ofNokia 225 4G Dual SIM Feature Phone with Long Battery Life, Camera, Multiplayer Games, and Premium Finish – Black Colouris Rs.3,538 price ofSamsung Guru Music 2 (SM-B310E, Black)is Rs.1,709 price ofNokia 105 Single SIM (Black)is Rs.1,157 price ofSamsung Metro 313 (SM-B313E, Black)is Rs.2,120 price ofSamsung Galaxy M21 (Raven Black, 4GB RAM, 64GB Storage)is Rs.12,499 price ofSamsung Guru 1200 (GT-E1200, White)is Rs.1,150 price ofMicromax X741 (Grey Ultra Bright LED Light, 1750mAh)is Rs.1,445 price ofRedmi 9A (Sea Blue, 2GB Ram, 32GB Storage) | 2GHz Octa-core Helio G25 Processoris Rs.6,799 price ofSamsung Galaxy M31 (Space Black, 6GB RAM, 128GB Storage)is Rs.16,499 price ofSamsung Galaxy M01 Core (Black, 2GB RAM, 32GB Storage) with No Cost EMI/Additional Exchange Offersis Rs.6,199 price ofRedmi Note 10 (Shadow Black, 6GB RAM, 128GB Storage)is Rs.14,499 price ofCell Phone, Sim Card Dual Card Slot Mini Phone for Kids for Students for School(Blue)is Rs.6,619 price ofI KALL K4 4G Smartphone (2GB, 16GB, 5.5" IPS Display) (Red)is Rs.4,170 price ofI KALL K800 4G Smartphone (2GB, 16GB, 5.5 Inch) (Gold)is Rs.4,170  </system-out>
  <testcase classname="com.qa.testcases.amazonCategoryDropDownList" name="Iteams" time="0.089">
    <error message="Cannot invoke &quot;String.contains(java.lang.CharSequence)&quot; because &quot;toEscape&quot; is null" type="java.lang.NullPointerException">
      <![CDATA[java.lang.NullPointerException: Cannot invoke "String.contains(java.lang.CharSequence)" because "toEscape" is null
at org.openqa.selenium.support.ui.Quotes.escape(Quotes.java:42)
at org.openqa.selenium.support.ui.Select.selectByVisibleText(Select.java:113)
at com.qa.testcases.amazonCategoryDropDownList.Iteams(amazonCategoryDropDownList.java:32)
at java.base/jdk.internal.reflect.NativeMethodAccessorImpl.invoke0(Native Method)
at java.base/jdk.internal.reflect.NativeMethodAccessorImpl.invoke(NativeMethodAccessorImpl.java:64)
at java.base/jdk.internal.reflect.DelegatingMethodAccessorImpl.invoke(DelegatingMethodAccessorImpl.java:43)
at java.base/java.lang.reflect.Method.invoke(Method.java:564)
at org.testng.internal.MethodInvocationHelper.invokeMethod(MethodInvocationHelper.java:132)
at org.testng.internal.TestInvoker.invokeMethod(TestInvoker.java:599)
at org.testng.internal.TestInvoker.invokeTestMethod(TestInvoker.java:174)
at org.testng.internal.MethodRunner.runInSequence(MethodRunner.java:46)
at org.testng.internal.TestInvoker$MethodInvocationAgent.invoke(TestInvoker.java:822)
at org.testng.internal.TestInvoker.invokeTestMethods(TestInvoker.java:147)
at org.testng.internal.TestMethodWorker.invokeTestMethods(TestMethodWorker.java:146)
at org.testng.internal.TestMethodWorker.run(TestMethodWorker.java:128)
at java.base/java.util.ArrayList.forEach(ArrayList.java:1511)
at org.testng.TestRunner.privateRun(TestRunner.java:764)
at org.testng.TestRunner.run(TestRunner.java:585)
at org.testng.SuiteRunner.runTest(SuiteRunner.java:384)
at org.testng.SuiteRunner.runSequentially(SuiteRunner.java:378)
at org.testng.SuiteRunner.privateRun(SuiteRunner.java:337)
at org.testng.SuiteRunner.run(SuiteRunner.java:286)
at org.testng.SuiteRunnerWorker.runSuite(SuiteRunnerWorker.java:53)
at org.testng.SuiteRunnerWorker.run(SuiteRunnerWorker.java:96)
at org.testng.TestNG.runSuitesSequentially(TestNG.java:1218)
at org.testng.TestNG.runSuitesLocally(TestNG.java:1140)
at org.testng.TestNG.runSuites(TestNG.java:1069)
at org.testng.TestNG.run(TestNG.java:1037)
at org.testng.remote.AbstractRemoteTestNG.run(AbstractRemoteTestNG.java:115)
at org.testng.remote.RemoteTestNG.initAndRun(RemoteTestNG.java:251)
at org.testng.remote.RemoteTestNG.main(RemoteTestNG.java:77)
]]>
    </error>
  </testcase> <!-- Iteams -->
  <system-out/>
</testsuite> <!-- com.qa.testcases.amazonCategoryDropDownList -->
